C:\Program Files (x86)\Microsoft Visual Studio\2019\Community\MSBuild\Microsoft\VC\v160\Microsoft.CppBuild.targets(513,5): warning MSB8028: промежуточный каталог (Release\) содержит файлы, которые используются совместно с другим проектом (prac1.vcxproj).  Это может привести к ошибкам очистки и перестроения.
  Game.cpp
D:\Projects\FinalProject\EndgameMonitor.h(3,10): warning C4067: непредвиденные лексемы за директивой препроцессора, требуется newline
D:\Projects\FinalProject\Game.cpp(106,31): warning C4018: <: несоответствие типов со знаком и без знака
D:\Projects\FinalProject\Game.cpp(110,31): warning C4018: <: несоответствие типов со знаком и без знака
D:\Projects\FinalProject\Game.cpp(119,20): warning C4244: инициализация: преобразование "sf::Int64" в "float", возможна потеря данных
D:\Projects\FinalProject\Game.cpp(133,56): warning C4244: =: преобразование "double" в "int", возможна потеря данных
D:\Projects\FinalProject\Game.cpp(134,56): warning C4244: =: преобразование "double" в "int", возможна потеря данных
D:\Projects\FinalProject\Game.cpp(135,84): warning C4244: аргумент: преобразование "unsigned int" в "T", возможна потеря данных
          with
          [
              T=float
          ]
D:\Projects\FinalProject\Game.cpp(135,66): warning C4244: аргумент: преобразование "unsigned int" в "T", возможна потеря данных
          with
          [
              T=float
          ]
D:\Projects\FinalProject\Game.cpp(175,31): warning C4018: <: несоответствие типов со знаком и без знака
D:\Projects\FinalProject\Game.cpp(182,27): warning C4018: <: несоответствие типов со знаком и без знака
D:\Projects\FinalProject\Game.cpp(207,27): warning C4018: <: несоответствие типов со знаком и без знака
D:\Projects\FinalProject\Game.cpp(213,27): warning C4018: <: несоответствие типов со знаком и без знака
D:\Projects\FinalProject\Game.cpp(217,27): warning C4018: <: несоответствие типов со знаком и без знака
  Создание кода
  Previous IPDB and IOBJ mismatch, fall back to full compilation.
  All 1510 functions were compiled because no usable IPDB/IOBJ from previous compilation was found.
  Создание кода завершено
  FinalProject.vcxproj -> D:\Projects\FinalProject\Release\FinalProject.exe
