d:\projects\prac1\prac1\release\vc142.pdb
d:\projects\prac1\prac1\release\source.obj
d:\projects\prac1\prac1\release\player.obj
d:\projects\prac1\prac1\release\menu.obj
d:\projects\prac1\prac1\release\game.obj
d:\projects\prac1\prac1\release\button.obj
d:\projects\prac1\prac1\release\animationmanager.obj
d:\projects\prac1\prac1\release\animation.obj
d:\projects\prac1\prac1\release\settings.obj
d:\projects\prac1\prac1\release\tinyxml2.obj
d:\projects\prac1\prac1\release\level.obj
d:\projects\prac1\prac1\release\bullet.obj
d:\projects\prac1\prac1\release\enemy.obj
d:\projects\prac1\prac1\release\healthbar.obj
d:\projects\prac1\release\prac1.exe
d:\projects\prac1\prac1\release\prac1.ipdb
d:\projects\prac1\prac1\release\prac1.iobj
d:\projects\prac1\release\prac1.pdb
d:\projects\prac1\prac1\release\lvlgenerator.obj
d:\projects\prac1\prac1\release\tinystr.obj
d:\projects\prac1\prac1\release\tinyxml.obj
d:\projects\prac1\prac1\release\prac1.tlog\cl.command.1.tlog
d:\projects\prac1\prac1\release\prac1.tlog\cl.read.1.tlog
d:\projects\prac1\prac1\release\prac1.tlog\cl.write.1.tlog
d:\projects\prac1\prac1\release\prac1.tlog\link.command.1.tlog
d:\projects\prac1\prac1\release\prac1.tlog\link.read.1.tlog
d:\projects\prac1\prac1\release\prac1.tlog\link.write.1.tlog
